<?xml version="1.0" encoding="UTF-8"?>
<!-- Generated by org.testng.reporters.JUnitReportReporter -->
<testsuite skipped="0" hostname="DESKTOP-O6MA943" name="cucumberOptions.TestRunner" tests="1" failures="0" timestamp="2022-02-28T05:56:52 IST" time="52.124" errors="0">
  <testcase name="feature" time="52.124" classname="cucumberOptions.TestRunner"/>
  <system-out/>
</testsuite> <!-- cucumberOptions.TestRunner -->
