<?xml version="1.0" encoding="UTF-8"?>
<!-- Generated by org.testng.reporters.JUnitReportReporter -->
<testsuite skipped="0" hostname="DESKTOP-O6MA943" name="practise.P2GrandPrix" tests="1" failures="0" timestamp="2022-12-13T13:34:40 IST" time="23.185" errors="0">
  <testcase name="particularYearWinnerDetails" time="23.185" classname="practise.P2GrandPrix"/>
  <system-out/>
</testsuite> <!-- practise.P2GrandPrix -->
