<?xml version="1.0" encoding="UTF-8"?>
<!-- Generated by org.testng.reporters.JUnitReportReporter -->
<testsuite skipped="0" hostname="DESKTOP-O6MA943" name="test.GetDemo" tests="1" failures="0" timestamp="2022-10-11T15:20:55 IST" time="7.090" errors="0">
  <testcase name="test_1" time="7.090" classname="test.GetDemo"/>
  <system-out/>
</testsuite> <!-- test.GetDemo -->
