<?xml version="1.0" encoding="UTF-8"?>
<!-- Generated by org.testng.reporters.JUnitReportReporter -->
<testsuite skipped="0" hostname="DESKTOP-O6MA943" name="files.DynamicJson" tests="2" failures="0" timestamp="2022-11-07T17:38:29 IST" time="15.676" errors="0">
  <testcase name="addBook" time="14.947" classname="files.DynamicJson"/>
  <system-out/>
  <testcase name="addBook" time="0.729" classname="files.DynamicJson"/>
  <system-out/>
</testsuite> <!-- files.DynamicJson -->
