<?xml version="1.0" encoding="UTF-8"?>
<!-- Generated by org.testng.reporters.JUnitReportReporter -->
<testsuite skipped="0" hostname="DESKTOP-O6MA943" name="practise.P1F1GrandPrix" tests="1" failures="0" timestamp="2022-12-13T12:54:19 IST" time="7.807" errors="0">
  <testcase name="test1" time="7.807" classname="practise.P1F1GrandPrix"/>
  <system-out/>
</testsuite> <!-- practise.P1F1GrandPrix -->
