<?xml version="1.0" encoding="UTF-8"?>
<!-- Generated by org.testng.reporters.JUnitReportReporter -->
<testsuite skipped="0" hostname="DESKTOP-O6MA943" name="practise.WinnerForParticularGrandPrix" tests="1" failures="0" timestamp="2022-12-13T14:00:40 IST" time="52.226" errors="0">
  <testcase name="test1" time="52.226" classname="practise.WinnerForParticularGrandPrix"/>
  <system-out/>
</testsuite> <!-- practise.WinnerForParticularGrandPrix -->
