<?xml version="1.0" encoding="UTF-8"?>
<!-- Generated by org.testng.reporters.JUnitReportReporter -->
<testsuite skipped="0" hostname="DESKTOP-O6MA943" name="files.Sec07DynamicJson" tests="2" failures="0" timestamp="2022-12-18T14:59:09 IST" time="7.712" errors="0">
  <testcase name="addBook" time="7.244" classname="files.Sec07DynamicJson"/>
  <system-out/>
  <testcase name="addBook" time="0.468" classname="files.Sec07DynamicJson"/>
  <system-out/>
</testsuite> <!-- files.Sec07DynamicJson -->
