<?xml version="1.0" encoding="UTF-8"?>
<!-- Generated by org.testng.reporters.JUnitReportReporter -->
<testsuite skipped="0" hostname="DESKTOP-O6MA943" name="test.TC_VideoGame" tests="1" failures="0" timestamp="2022-11-01T12:35:04 IST" time="4.340" errors="0">
  <testcase name="Get_allVideoGames" time="4.340" classname="test.TC_VideoGame"/>
  <system-out/>
</testsuite> <!-- test.TC_VideoGame -->
