<?xml version="1.0" encoding="UTF-8"?>
<!-- Generated by org.testng.reporters.JUnitReportReporter -->
<testsuite skipped="0" hostname="DESKTOP-O6MA943" name="test.SaopResquest" tests="1" failures="1" timestamp="2022-10-18T16:21:32 IST" time="8.099" errors="0">
  <testcase name="test" time="8.099" classname="test.SaopResquest">
    <failure type="java.lang.AssertionError" message="1 expectation failed.
XML path //*:AddResult.text() doesn&#039;t match.
Expected: 8
  Actual: IIS 10.0 Detailed Error - 415.0 - Unsupported Media Type \n&lt;!-- \nbody{margin:0;font-size:.7em;font-family:Verdana,Arial,Helvetica,sans-serif;} \ncode{margin:0;color:#006600;font-size:1.1em;font-weight:bold;} \n.config_source code{font-size:.8em;color:#000000;} \npre{margin:0;font-size:1.4em;word-wrap:break-word;} \nul,ol{margin:10px 0 10px 5px;} \nul.first,ol.first{margin-top:5px;} \nfieldset{padding:0 15px 10px 15px;word-break:break-all;} \n.summary-container fieldset{padding-bottom:5px;margin-top:4px;} \nlegend.no-expand-all{padding:2px 15px 4px 10px;margin:0 0 0 -12px;} \nlegend{color:#333333;;margin:4px 0 8px -12px;_margin-top:0px; \nfont-weight:bold;font-size:1em;} \na:link,a:visited{color:#007EFF;font-weight:bold;} \na:hover{text-decoration:none;} \nh1{font-size:2.4em;margin:0;color:#FFF;} \nh2{font-size:1.7em;margin:0;color:#CC0000;} \nh3{font-size:1.4em;margin:10px 0 0 0;color:#CC0000;} \nh4{font-size:1.2em;margin:10px 0 5px 0; \n}#header{width:96%;margin:0 0 0 0;padding:6px 2% 6px 2%;font-family:\&quot;trebuchet MS\&quot;,Verdana,sans-serif; \n color:#FFF;background-color:#5C87B2; \n}#content{margin:0 0 0 2%;position:relative;} \n.summary-container,.content-container{background:#FFF;width:96%;margin-top:8px;padding:10px;position:relative;} \n.content-container p{margin:0 0 10px 0; \n}#details-left{width:35%;float:left;margin-right:2%; \n}#details-right{width:63%;float:left;overflow:hidden; \n}#server_version{width:96%;_height:1px;min-height:1px;margin:0 0 5px 0;padding:11px 2% 8px 2%;color:#FFFFFF; \n background-color:#5A7FA5;border-bottom:1px solid #C1CFDD;border-top:1px solid #4A6C8E;font-weight:normal; \n font-size:1em;color:#FFF;text-align:right; \n}#server_version p{margin:5px 0;} \ntable{margin:4px 0 4px 0;width:100%;border:none;} \ntd,th{vertical-align:top;padding:3px 0;text-align:left;font-weight:normal;border:none;} \nth{width:30%;text-align:right;padding-right:2%;font-weight:bold;} \nthead th{background-color:#ebebeb;width:25%; \n}#details-right th{width:20%;} \ntable tr.alt td,table tr.alt th{} \n.highlight-code{color:#CC0000;font-weight:bold;font-style:italic;} \n.clear{clear:both;} \n.preferred{padding:0 5px 2px 5px;font-weight:normal;background:#006633;color:#FFF;font-size:.8em;} \n--&gt; \nHTTP Error 415.0 - Unsupported Media TypeThe server cannot service the request because the media type is unsupported.Most likely causes:The requested file is in a format that the server is configured not to download.Things you can try:Verify that the requested file is in a valid format.Detailed Error Information:Module   ManagedPipelineHandlerNotification   ExecuteRequestHandlerHandler   WebServiceHandlerFactory-IntegratedError Code   0x00000000Requested URL   http://www.dneonline.com:80/calculator.asmxPhysical Path   G:\\PleskVhosts\\dneonline.com\\httpdocs\\calculator.asmxLogon Method   AnonymousLogon User   AnonymousMore Information: \n  This error occurs when the server cannot service the request because the file type is unsupported. \n  View more information »
">
      <![CDATA[java.lang.AssertionError: 1 expectation failed.
XML path //*:AddResult.text() doesn't match.
Expected: 8
  Actual: IIS 10.0 Detailed Error - 415.0 - Unsupported Media Type \n<!-- \nbody{margin:0;font-size:.7em;font-family:Verdana,Arial,Helvetica,sans-serif;} \ncode{margin:0;color:#006600;font-size:1.1em;font-weight:bold;} \n.config_source code{font-size:.8em;color:#000000;} \npre{margin:0;font-size:1.4em;word-wrap:break-word;} \nul,ol{margin:10px 0 10px 5px;} \nul.first,ol.first{margin-top:5px;} \nfieldset{padding:0 15px 10px 15px;word-break:break-all;} \n.summary-container fieldset{padding-bottom:5px;margin-top:4px;} \nlegend.no-expand-all{padding:2px 15px 4px 10px;margin:0 0 0 -12px;} \nlegend{color:#333333;;margin:4px 0 8px -12px;_margin-top:0px; \nfont-weight:bold;font-size:1em;} \na:link,a:visited{color:#007EFF;font-weight:bold;} \na:hover{text-decoration:none;} \nh1{font-size:2.4em;margin:0;color:#FFF;} \nh2{font-size:1.7em;margin:0;color:#CC0000;} \nh3{font-size:1.4em;margin:10px 0 0 0;color:#CC0000;} \nh4{font-size:1.2em;margin:10px 0 5px 0; \n}#header{width:96%;margin:0 0 0 0;padding:6px 2% 6px 2%;font-family:\"trebuchet MS\",Verdana,sans-serif; \n color:#FFF;background-color:#5C87B2; \n}#content{margin:0 0 0 2%;position:relative;} \n.summary-container,.content-container{background:#FFF;width:96%;margin-top:8px;padding:10px;position:relative;} \n.content-container p{margin:0 0 10px 0; \n}#details-left{width:35%;float:left;margin-right:2%; \n}#details-right{width:63%;float:left;overflow:hidden; \n}#server_version{width:96%;_height:1px;min-height:1px;margin:0 0 5px 0;padding:11px 2% 8px 2%;color:#FFFFFF; \n background-color:#5A7FA5;border-bottom:1px solid #C1CFDD;border-top:1px solid #4A6C8E;font-weight:normal; \n font-size:1em;color:#FFF;text-align:right; \n}#server_version p{margin:5px 0;} \ntable{margin:4px 0 4px 0;width:100%;border:none;} \ntd,th{vertical-align:top;padding:3px 0;text-align:left;font-weight:normal;border:none;} \nth{width:30%;text-align:right;padding-right:2%;font-weight:bold;} \nthead th{background-color:#ebebeb;width:25%; \n}#details-right th{width:20%;} \ntable tr.alt td,table tr.alt th{} \n.highlight-code{color:#CC0000;font-weight:bold;font-style:italic;} \n.clear{clear:both;} \n.preferred{padding:0 5px 2px 5px;font-weight:normal;background:#006633;color:#FFF;font-size:.8em;} \n--> \nHTTP Error 415.0 - Unsupported Media TypeThe server cannot service the request because the media type is unsupported.Most likely causes:The requested file is in a format that the server is configured not to download.Things you can try:Verify that the requested file is in a valid format.Detailed Error Information:Module   ManagedPipelineHandlerNotification   ExecuteRequestHandlerHandler   WebServiceHandlerFactory-IntegratedError Code   0x00000000Requested URL   http://www.dneonline.com:80/calculator.asmxPhysical Path   G:\\PleskVhosts\\dneonline.com\\httpdocs\\calculator.asmxLogon Method   AnonymousLogon User   AnonymousMore Information: \n  This error occurs when the server cannot service the request because the file type is unsupported. \n  View more information »

at sun.reflect.NativeConstructorAccessorImpl.newInstance0(Native Method)
at sun.reflect.NativeConstructorAccessorImpl.newInstance(Unknown Source)
at sun.reflect.DelegatingConstructorAccessorImpl.newInstance(Unknown Source)
at java.lang.reflect.Constructor.newInstance(Unknown Source)
at org.codehaus.groovy.reflection.CachedConstructor.invoke(CachedConstructor.java:73)
at org.codehaus.groovy.reflection.CachedConstructor.doConstructorInvoke(CachedConstructor.java:60)
at org.codehaus.groovy.runtime.callsite.ConstructorSite$ConstructorSiteNoUnwrap.callConstructor(ConstructorSite.java:86)
at org.codehaus.groovy.runtime.callsite.CallSiteArray.defaultCallConstructor(CallSiteArray.java:58)
at org.codehaus.groovy.runtime.callsite.AbstractCallSite.callConstructor(AbstractCallSite.java:263)
at org.codehaus.groovy.runtime.callsite.AbstractCallSite.callConstructor(AbstractCallSite.java:277)
at io.restassured.internal.ResponseSpecificationImpl$HamcrestAssertionClosure.validate(ResponseSpecificationImpl.groovy:512)
at io.restassured.internal.ResponseSpecificationImpl$HamcrestAssertionClosure$validate$1.call(Unknown Source)
at io.restassured.internal.ResponseSpecificationImpl.validateResponseIfRequired(ResponseSpecificationImpl.groovy:696)
at io.restassured.internal.ResponseSpecificationImpl.this$2$validateResponseIfRequired(ResponseSpecificationImpl.groovy)
at sun.reflect.NativeMethodAccessorImpl.invoke0(Native Method)
at sun.reflect.NativeMethodAccessorImpl.invoke(Unknown Source)
at sun.reflect.DelegatingMethodAccessorImpl.invoke(Unknown Source)
at java.lang.reflect.Method.invoke(Unknown Source)
at org.codehaus.groovy.runtime.callsite.PlainObjectMetaMethodSite.doInvoke(PlainObjectMetaMethodSite.java:43)
at org.codehaus.groovy.runtime.callsite.PogoMetaMethodSite$PogoCachedMethodSiteNoUnwrapNoCoerce.invoke(PogoMetaMethodSite.java:198)
at org.codehaus.groovy.runtime.callsite.PogoMetaMethodSite.callCurrent(PogoMetaMethodSite.java:62)
at org.codehaus.groovy.runtime.callsite.CallSiteArray.defaultCallCurrent(CallSiteArray.java:50)
at org.codehaus.groovy.runtime.callsite.AbstractCallSite.callCurrent(AbstractCallSite.java:171)
at org.codehaus.groovy.runtime.callsite.AbstractCallSite.callCurrent(AbstractCallSite.java:185)
at io.restassured.internal.ResponseSpecificationImpl.body(ResponseSpecificationImpl.groovy:270)
at io.restassured.specification.ResponseSpecification$body$1.callCurrent(Unknown Source)
at org.codehaus.groovy.runtime.callsite.CallSiteArray.defaultCallCurrent(CallSiteArray.java:50)
at org.codehaus.groovy.runtime.callsite.AbstractCallSite.callCurrent(AbstractCallSite.java:171)
at org.codehaus.groovy.runtime.callsite.AbstractCallSite.callCurrent(AbstractCallSite.java:212)
at io.restassured.internal.ResponseSpecificationImpl.body(ResponseSpecificationImpl.groovy:117)
at io.restassured.internal.ValidatableResponseOptionsImpl.body(ValidatableResponseOptionsImpl.java:244)
at test.SaopResquest.test(SaopResquest.java:38)
at sun.reflect.NativeMethodAccessorImpl.invoke0(Native Method)
at sun.reflect.NativeMethodAccessorImpl.invoke(Unknown Source)
at sun.reflect.DelegatingMethodAccessorImpl.invoke(Unknown Source)
at java.lang.reflect.Method.invoke(Unknown Source)
at org.testng.internal.invokers.MethodInvocationHelper.invokeMethod(MethodInvocationHelper.java:135)
at org.testng.internal.invokers.TestInvoker.invokeMethod(TestInvoker.java:673)
at org.testng.internal.invokers.TestInvoker.invokeTestMethod(TestInvoker.java:220)
at org.testng.internal.invokers.MethodRunner.runInSequence(MethodRunner.java:50)
at org.testng.internal.invokers.TestInvoker$MethodInvocationAgent.invoke(TestInvoker.java:945)
at org.testng.internal.invokers.TestInvoker.invokeTestMethods(TestInvoker.java:193)
at org.testng.internal.invokers.TestMethodWorker.invokeTestMethods(TestMethodWorker.java:146)
at org.testng.internal.invokers.TestMethodWorker.run(TestMethodWorker.java:128)
at java.util.ArrayList.forEach(Unknown Source)
at org.testng.TestRunner.privateRun(TestRunner.java:808)
at org.testng.TestRunner.run(TestRunner.java:603)
at org.testng.SuiteRunner.runTest(SuiteRunner.java:429)
at org.testng.SuiteRunner.runSequentially(SuiteRunner.java:423)
at org.testng.SuiteRunner.privateRun(SuiteRunner.java:383)
at org.testng.SuiteRunner.run(SuiteRunner.java:326)
at org.testng.SuiteRunnerWorker.runSuite(SuiteRunnerWorker.java:52)
at org.testng.SuiteRunnerWorker.run(SuiteRunnerWorker.java:95)
at org.testng.TestNG.runSuitesSequentially(TestNG.java:1249)
at org.testng.TestNG.runSuitesLocally(TestNG.java:1169)
at org.testng.TestNG.runSuites(TestNG.java:1092)
at org.testng.TestNG.run(TestNG.java:1060)
at org.testng.remote.AbstractRemoteTestNG.run(AbstractRemoteTestNG.java:115)
at org.testng.remote.RemoteTestNG.initAndRun(RemoteTestNG.java:251)
at org.testng.remote.RemoteTestNG.main(RemoteTestNG.java:77)
]]>
    </failure>
  </testcase> <!-- test -->
  <system-out/>
</testsuite> <!-- test.SaopResquest -->
