<?xml version="1.0" encoding="UTF-8"?>
<!-- Generated by org.testng.reporters.JUnitReportReporter -->
<testsuite skipped="0" hostname="DESKTOP-O6MA943" name="test.RunOnLocal" tests="1" failures="0" timestamp="2022-10-17T12:24:37 IST" time="4.211" errors="0">
  <testcase name="delete" time="4.211" classname="test.RunOnLocal"/>
  <system-out/>
</testsuite> <!-- test.RunOnLocal -->
