<?xml version="1.0" encoding="UTF-8"?>
<!-- Generated by org.testng.reporters.JUnitReportReporter -->
<testsuite skipped="0" hostname="DESKTOP-O6MA943" name="Academy.Homepage" tests="2" failures="0" timestamp="2022-02-12T06:05:14 IST" time="23.219" errors="0">
  <testcase name="PageNavigation" time="12.895" classname="Academy.Homepage"/>
  <system-out/>
  <testcase name="PageNavigation" time="10.324" classname="Academy.Homepage"/>
  <system-out/>
</testsuite> <!-- Academy.Homepage -->
